04/25/2022 08:58:27 PM INFO:Programa iniciado...
04/25/2022 08:58:27 PM INFO:Intentando conexion a base de datos...
04/25/2022 08:58:27 PM ERROR:Ha ocurrido un error al intentar la conexion: ('28000', "[28000] [Microsoft][ODBC Driver 17 for SQL Server][SQL Server]Error de inicio de sesión del usuario 'CODIGO'. (18456) (SQLDriverConnect)")
04/25/2022 08:58:51 PM INFO:Programa iniciado...
04/25/2022 08:58:51 PM INFO:Intentando conexion a base de datos...
04/25/2022 08:58:51 PM ERROR:Ha ocurrido un error al intentar la conexion: ('28000', "[28000] [Microsoft][ODBC Driver 17 for SQL Server][SQL Server]Error de inicio de sesión del usuario 'CODIGO'. (18456) (SQLDriverConnect)")
04/25/2022 08:59:07 PM INFO:Programa iniciado...
04/25/2022 08:59:07 PM INFO:Intentando conexion a base de datos...
04/25/2022 08:59:08 PM ERROR:Ha ocurrido un error al intentar la conexion: ('28000', "[28000] [Microsoft][ODBC Driver 17 for SQL Server][SQL Server]Error de inicio de sesión del usuario 'CODIGO'. (18456) (SQLDriverConnect)")
04/25/2022 08:59:23 PM INFO:Programa iniciado...
04/25/2022 08:59:23 PM INFO:Intentando conexion a base de datos...
04/25/2022 08:59:23 PM ERROR:Ha ocurrido un error al intentar la conexion: ('28000', "[28000] [Microsoft][ODBC Driver 17 for SQL Server][SQL Server]Error de inicio de sesión del usuario 'CODIGO'. (18456) (SQLDriverConnect)")
04/25/2022 09:00:46 PM INFO:Programa iniciado...
04/25/2022 09:00:46 PM INFO:Intentando conexion a base de datos...
04/25/2022 09:00:46 PM ERROR:Ha ocurrido un error al intentar la conexion: ('28000', "[28000] [Microsoft][ODBC Driver 17 for SQL Server][SQL Server]Error de inicio de sesión del usuario 'CODIGO'. (18456) (SQLDriverConnect)")
04/25/2022 10:50:47 PM INFO:Programa iniciado...
04/25/2022 10:50:47 PM INFO:Intentando conexion a base de datos...
04/25/2022 10:50:47 PM ERROR:Ha ocurrido un error al intentar la conexion: ('28000', "[28000] [Microsoft][ODBC Driver 17 for SQL Server][SQL Server]Error de inicio de sesión del usuario 'CODIGO'. (18456) (SQLDriverConnect)")
04/25/2022 10:50:49 PM INFO:Abriendo ventana agregar boletos
04/25/2022 10:52:59 PM INFO:Programa iniciado...
04/25/2022 10:52:59 PM INFO:Intentando conexion a base de datos...
04/25/2022 10:52:59 PM ERROR:Ha ocurrido un error al intentar la conexion: ('28000', "[28000] [Microsoft][ODBC Driver 17 for SQL Server][SQL Server]Error de inicio de sesión del usuario 'CODIGO'. (18456) (SQLDriverConnect)")
04/25/2022 10:58:06 PM INFO:Programa iniciado...
04/25/2022 10:58:06 PM INFO:Intentando conexion a base de datos...
04/25/2022 10:58:06 PM ERROR:Ha ocurrido un error al intentar la conexion: ('28000', "[28000] [Microsoft][ODBC Driver 17 for SQL Server][SQL Server]Error de inicio de sesión del usuario 'CODIGO'. (18456) (SQLDriverConnect)")
04/25/2022 10:59:35 PM INFO:Programa iniciado...
04/25/2022 10:59:35 PM INFO:Intentando conexion a base de datos...
04/25/2022 10:59:35 PM ERROR:Ha ocurrido un error al intentar la conexion: ('28000', "[28000] [Microsoft][ODBC Driver 17 for SQL Server][SQL Server]Error de inicio de sesión del usuario 'CODIGO'. (18456) (SQLDriverConnect)")
04/25/2022 11:13:00 PM INFO:Programa iniciado...
04/25/2022 11:13:00 PM INFO:Intentando conexion a base de datos...
04/25/2022 11:13:00 PM ERROR:Ha ocurrido un error al intentar la conexion: ('28000', "[28000] [Microsoft][ODBC Driver 17 for SQL Server][SQL Server]Error de inicio de sesión del usuario 'CODIGO'. (18456) (SQLDriverConnect)")
04/25/2022 11:13:02 PM INFO:Abriendo ventana agregar boletos
04/25/2022 11:13:04 PM INFO:Abriendo ventana agregar eventos
04/25/2022 11:13:07 PM INFO:Abriendo ventana consultar boletos
04/25/2022 11:13:09 PM INFO:Abriendo ventana cosultar eventos
